15:12:56 **** Build of project mainProj_bsp ****
make -k all 
Running Make include in microblaze_0/libsrc/cpu_v2_6/src
make -C microblaze_0/libsrc/cpu_v2_6/src -s include  "SHELL=/bin/sh" "COMPILER=mb-gcc" "ARCHIVER=mb-ar" "COMPILER_FLAGS= -O2 -c -mcpu=v10.0 -mlittle-endian -mxl-soft-mul" "EXTRA_COMPILER_FLAGS=-ffunction-sections -fdata-sections -Wall -Wextra"
Running Make include in microblaze_0/libsrc/standalone_v6_5/src
make -C microblaze_0/libsrc/standalone_v6_5/src -s include  "SHELL=/bin/sh" "COMPILER=mb-gcc" "ARCHIVER=mb-ar" "COMPILER_FLAGS= -O2 -c -mcpu=v10.0 -mlittle-endian -mxl-soft-mul" "EXTRA_COMPILER_FLAGS=-ffunction-sections -fdata-sections -Wall -Wextra"
Running Make include in microblaze_0/libsrc/uartlite_v3_2/src
make -C microblaze_0/libsrc/uartlite_v3_2/src -s include  "SHELL=/bin/sh" "COMPILER=mb-gcc" "ARCHIVER=mb-ar" "COMPILER_FLAGS= -O2 -c -mcpu=v10.0 -mlittle-endian -mxl-soft-mul" "EXTRA_COMPILER_FLAGS=-ffunction-sections -fdata-sections -Wall -Wextra"
Running Make include in microblaze_0/libsrc/bram_v4_2/src
make -C microblaze_0/libsrc/bram_v4_2/src -s include  "SHELL=/bin/sh" "COMPILER=mb-gcc" "ARCHIVER=mb-ar" "COMPILER_FLAGS= -O2 -c -mcpu=v10.0 -mlittle-endian -mxl-soft-mul" "EXTRA_COMPILER_FLAGS=-ffunction-sections -fdata-sections -Wall -Wextra"
Running Make include in microblaze_0/libsrc/gpio_v4_3/src
make -C microblaze_0/libsrc/gpio_v4_3/src -s include  "SHELL=/bin/sh" "COMPILER=mb-gcc" "ARCHIVER=mb-ar" "COMPILER_FLAGS= -O2 -c -mcpu=v10.0 -mlittle-endian -mxl-soft-mul" "EXTRA_COMPILER_FLAGS=-ffunction-sections -fdata-sections -Wall -Wextra"
Running Make libs in microblaze_0/libsrc/cpu_v2_6/src
make -C microblaze_0/libsrc/cpu_v2_6/src -s libs  "SHELL=/bin/sh" "COMPILER=mb-gcc" "ARCHIVER=mb-ar" "COMPILER_FLAGS= -O2 -c -mcpu=v10.0 -mlittle-endian -mxl-soft-mul" "EXTRA_COMPILER_FLAGS=-ffunction-sections -fdata-sections -Wall -Wextra"
Compiling cpu
mb-ar: creating ../../../lib/libxil.a
Running Make libs in microblaze_0/libsrc/standalone_v6_5/src
make -C microblaze_0/libsrc/standalone_v6_5/src -s libs  "SHELL=/bin/sh" "COMPILER=mb-gcc" "ARCHIVER=mb-ar" "COMPILER_FLAGS= -O2 -c -mcpu=v10.0 -mlittle-endian -mxl-soft-mul" "EXTRA_COMPILER_FLAGS=-ffunction-sections -fdata-sections -Wall -Wextra"
Compiling standalone
Running Make libs in microblaze_0/libsrc/uartlite_v3_2/src
make -C microblaze_0/libsrc/uartlite_v3_2/src -s libs  "SHELL=/bin/sh" "COMPILER=mb-gcc" "ARCHIVER=mb-ar" "COMPILER_FLAGS= -O2 -c -mcpu=v10.0 -mlittle-endian -mxl-soft-mul" "EXTRA_COMPILER_FLAGS=-ffunction-sections -fdata-sections -Wall -Wextra"
Compiling uartlite
Running Make libs in microblaze_0/libsrc/bram_v4_2/src
make -C microblaze_0/libsrc/bram_v4_2/src -s libs  "SHELL=/bin/sh" "COMPILER=mb-gcc" "ARCHIVER=mb-ar" "COMPILER_FLAGS= -O2 -c -mcpu=v10.0 -mlittle-endian -mxl-soft-mul" "EXTRA_COMPILER_FLAGS=-ffunction-sections -fdata-sections -Wall -Wextra"
Compiling bram
Running Make libs in microblaze_0/libsrc/gpio_v4_3/src
make -C microblaze_0/libsrc/gpio_v4_3/src -s libs  "SHELL=/bin/sh" "COMPILER=mb-gcc" "ARCHIVER=mb-ar" "COMPILER_FLAGS= -O2 -c -mcpu=v10.0 -mlittle-endian -mxl-soft-mul" "EXTRA_COMPILER_FLAGS=-ffunction-sections -fdata-sections -Wall -Wextra"
Compiling gpio
Finished building libraries

15:12:57 Build Finished (took 1s.364ms)

